2019-05-23 21:37:11 INFO     KS load config:
[main]
name=base
log_to_file=1

[jobs]
# items=crop,binarize,cropWhite,normalizeHeight,featureSelection,train,validate,evaluation
items=cropWhite,normalizeHeight,featureSelection,train,validate

[job_crop]
input_directory=../data/ks/images/
function=crop
svg_dir=../data/ks/ground-truth/locations/
apply_polygon_mask=1

[job_binarize]
function=binarize
method=yen
otsu_nbins=256
local_block_size=71
keep_foreground=0

[job_cropWhite]
input_directory=../data/ks/job/binarize/
function=crop_white
keep_height=1
width_offset=3
crop_input_directory=../data/ks/job/crop/

[job_normalizeHeight]
height=96
type=NormalizeHeight

[job_deskew]
function=deskew

[job_featureSelection]
input_directory=../data/ks/job/normalizeHeight/
type=ImageFeatures
orientations=12
pixels_per_cell=48,48
cells_per_block=2,2
adapt_pixels_per_cell=1

[job_train]
type=DtwTrain
lib=dtwalign
window_type=sakoechiba
window_size=1000

[job_validate]
type=DtwValidate
lib=dtwalign
window_type=sakoechiba
window_size=1000
run_test=1

[job_evaluation]
type=Evaluate
2019-05-23 21:37:11 INFO     KS.job.jobs run job cropWhite
2019-05-23 21:37:27 INFO     KS.job.jobs run job normalizeHeight
2019-05-23 21:37:42 INFO     KS.job.jobs run job featureSelection
2019-05-23 21:37:53 INFO     KS.job.jobs run job train
2019-05-23 21:52:48 INFO     KS.job.jobs run job validate
2019-05-23 21:53:45 INFO     KS.job.jobs jobs finished
