Fitting 3 folds for each of 12 candidates, totalling 36 fits
[Parallel(n_jobs=30)]: Using backend ThreadingBackend with 30 concurrent workers.
[CV] C=0.1, kernel=linear ............................................
[CV] C=0.1, kernel=linear ............................................
[CV] C=0.1, kernel=linear ............................................
[CV] C=1, kernel=linear ..............................................
[CV] C=1, kernel=linear ..............................................
[CV] C=1, kernel=linear ..............................................
[CV] C=5, kernel=linear ..............................................
[CV] C=5, kernel=linear ..............................................
[CV] C=5, kernel=linear ..............................................
[CV] C=0.1, gamma=0.001, kernel=rbf ..................................
[CV] C=0.1, gamma=0.001, kernel=rbf ..................................
[CV] C=0.1, gamma=0.001, kernel=rbf ..................................
[CV] C=0.1, gamma=0.01, kernel=rbf ...................................
[CV] C=0.1, gamma=0.01, kernel=rbf ...................................
[CV] C=0.1, gamma=0.01, kernel=rbf ...................................
[CV] C=0.1, gamma=0.05, kernel=rbf ...................................
[CV] C=0.1, gamma=0.05, kernel=rbf ...................................
[CV] C=0.1, gamma=0.05, kernel=rbf ...................................
[CV] C=1, gamma=0.001, kernel=rbf ....................................
[CV] C=1, gamma=0.001, kernel=rbf ....................................
[CV] C=1, gamma=0.001, kernel=rbf ....................................
[CV] C=1, gamma=0.01, kernel=rbf .....................................
[CV] C=1, gamma=0.01, kernel=rbf .....................................
[CV] C=1, gamma=0.01, kernel=rbf .....................................
[CV] C=1, gamma=0.05, kernel=rbf .....................................
[CV] C=1, gamma=0.05, kernel=rbf .....................................
[CV] C=1, gamma=0.05, kernel=rbf .....................................
[CV] C=5, gamma=0.001, kernel=rbf ....................................
[CV] C=5, gamma=0.001, kernel=rbf ....................................
[CV] C=5, gamma=0.001, kernel=rbf ....................................
[CV] ..... C=5, kernel=linear, score=0.9091045447727614, total= 7.8min
[CV] C=5, gamma=0.01, kernel=rbf .....................................
[CV] ..... C=0.1, kernel=linear, score=0.89989494221822, total= 7.7min
[CV] C=5, gamma=0.01, kernel=rbf .....................................
[CV] ..... C=1, kernel=linear, score=0.9091045447727614, total= 7.8min
[Parallel(n_jobs=30)]: Done   3 out of  36 | elapsed: 10.2min remaining: 112.4min
[CV] C=5, gamma=0.01, kernel=rbf .....................................
[CV] ... C=0.1, kernel=linear, score=0.9091045447727614, total= 7.8min
[CV] C=5, gamma=0.05, kernel=rbf .....................................
[CV] ....... C=5, kernel=linear, score=0.89989494221822, total= 7.9min
[CV] C=5, gamma=0.05, kernel=rbf .....................................
[CV] ....... C=1, kernel=linear, score=0.89989494221822, total= 8.0min
[CV] C=5, gamma=0.05, kernel=rbf .....................................
[CV] ..... C=5, kernel=linear, score=0.9194902548725638, total= 8.4min
[CV] ... C=0.1, kernel=linear, score=0.9194902548725638, total= 8.4min
[CV] ..... C=1, kernel=linear, score=0.9194902548725638, total= 8.5min
[CV]  C=0.1, gamma=0.001, kernel=rbf, score=0.11399430028498575, total=108.7min
[CV]  C=0.1, gamma=0.001, kernel=rbf, score=0.11406273450397719, total=109.1min
[CV]  C=0.1, gamma=0.05, kernel=rbf, score=0.11409295352323838, total=109.1min
[CV]  C=0.1, gamma=0.01, kernel=rbf, score=0.11409295352323838, total=109.3min
[CV]  C=0.1, gamma=0.01, kernel=rbf, score=0.11399430028498575, total=109.4min
[CV]  C=0.1, gamma=0.05, kernel=rbf, score=0.11406273450397719, total=109.5min
[CV]  C=0.1, gamma=0.01, kernel=rbf, score=0.11406273450397719, total=109.7min
[Parallel(n_jobs=30)]: Done  16 out of  36 | elapsed: 119.4min remaining: 149.3min
[CV]  C=0.1, gamma=0.001, kernel=rbf, score=0.11409295352323838, total=109.6min
[CV]  C=1, gamma=0.01, kernel=rbf, score=0.11409295352323838, total=109.8min
[CV]  C=5, gamma=0.001, kernel=rbf, score=0.11409295352323838, total=110.0min
[CV]  C=1, gamma=0.001, kernel=rbf, score=0.11406273450397719, total=109.9min
[CV]  C=0.1, gamma=0.05, kernel=rbf, score=0.11399430028498575, total=110.1min
[CV]  C=1, gamma=0.05, kernel=rbf, score=0.11399430028498575, total=110.1min
[CV]  C=1, gamma=0.001, kernel=rbf, score=0.11409295352323838, total=110.4min
[CV]  C=1, gamma=0.001, kernel=rbf, score=0.11399430028498575, total=110.1min
[CV]  C=1, gamma=0.01, kernel=rbf, score=0.11406273450397719, total=110.4min
[CV]  C=1, gamma=0.01, kernel=rbf, score=0.11399430028498575, total=110.7min
[CV]  C=1, gamma=0.05, kernel=rbf, score=0.11406273450397719, total=110.5min
[CV]  C=5, gamma=0.001, kernel=rbf, score=0.11406273450397719, total=110.5min
[CV]  C=5, gamma=0.001, kernel=rbf, score=0.11399430028498575, total=110.5min
[Parallel(n_jobs=30)]: Done  29 out of  36 | elapsed: 120.0min remaining: 29.0min
[CV]  C=1, gamma=0.05, kernel=rbf, score=0.11409295352323838, total=111.2min
[CV]  C=5, gamma=0.05, kernel=rbf, score=0.11399430028498575, total=109.5min
[CV]  C=5, gamma=0.01, kernel=rbf, score=0.11406273450397719, total=109.3min
[CV]  C=5, gamma=0.05, kernel=rbf, score=0.11406273450397719, total=109.6min
[CV]  C=5, gamma=0.01, kernel=rbf, score=0.11409295352323838, total=109.8min
[CV]  C=5, gamma=0.05, kernel=rbf, score=0.11409295352323838, total=109.9min
[CV]  C=5, gamma=0.01, kernel=rbf, score=0.11399430028498575, total=109.9min
[Parallel(n_jobs=30)]: Done  36 out of  36 | elapsed: 122.9min finished

Best parameters set:
{'C': 0.1, 'kernel': 'linear'}

Confusion matrix:
[[ 953    0    4    2    0   12    6    1    1    1]
 [   0 1123    3    2    0    2    1    0    4    0]
 [  10    9  938   23    6    2   11    8   22    3]
 [   6    4   26  905    3   34    0    9   18    5]
 [   0    0    9    3  927    1    8    7    2   25]
 [  13    5    8   55    7  763   12    1   25    3]
 [   8    3   13    1    7   14  910    1    1    0]
 [   2   10   23   13   12    0    0  940    0   28]
 [   9   10   23   50   10   40    8    6  810    8]
 [  11    8    1   15   44    4    1   43    8  874]]

Classification report:
              precision    recall  f1-score   support

           0       0.94      0.97      0.96       980
           1       0.96      0.99      0.97      1135
           2       0.90      0.91      0.90      1032
           3       0.85      0.90      0.87      1010
           4       0.91      0.94      0.93       982
           5       0.88      0.86      0.87       892
           6       0.95      0.95      0.95       958
           7       0.93      0.91      0.92      1028
           8       0.91      0.83      0.87       974
           9       0.92      0.87      0.89      1009

   micro avg       0.91      0.91      0.91     10000
   macro avg       0.91      0.91      0.91     10000
weighted avg       0.91      0.91      0.91     10000

Fitting 3 folds for each of 12 candidates, totalling 36 fits
[Parallel(n_jobs=30)]: Using backend ThreadingBackend with 30 concurrent workers.
[CV] C=0.1, kernel=linear ............................................
[CV] C=0.1, kernel=linear ............................................
[CV] C=0.1, kernel=linear ............................................
[CV] C=1, kernel=linear ..............................................
[CV] C=1, kernel=linear ..............................................
[CV] C=1, kernel=linear ..............................................
[CV] C=5, kernel=linear ..............................................
[CV] C=5, kernel=linear ..............................................
[CV] C=5, kernel=linear ..............................................
[CV] C=0.1, gamma=0.001, kernel=rbf ..................................
[CV] C=0.1, gamma=0.001, kernel=rbf ..................................
[CV] C=0.1, gamma=0.001, kernel=rbf ..................................
[CV] C=0.1, gamma=0.01, kernel=rbf ...................................
[CV] C=0.1, gamma=0.01, kernel=rbf ...................................
[CV] C=0.1, gamma=0.01, kernel=rbf ...................................
[CV] C=0.1, gamma=0.05, kernel=rbf ...................................
[CV] C=0.1, gamma=0.05, kernel=rbf ...................................
[CV] C=0.1, gamma=0.05, kernel=rbf ...................................
[CV] C=1, gamma=0.001, kernel=rbf ....................................
[CV] C=1, gamma=0.001, kernel=rbf ....................................
[CV] C=1, gamma=0.001, kernel=rbf ....................................
[CV] C=1, gamma=0.01, kernel=rbf .....................................
[CV] C=1, gamma=0.01, kernel=rbf .....................................
[CV] C=1, gamma=0.01, kernel=rbf .....................................
[CV] C=1, gamma=0.05, kernel=rbf .....................................
[CV] C=1, gamma=0.05, kernel=rbf .....................................
[CV] C=1, gamma=0.05, kernel=rbf .....................................
[CV] C=5, gamma=0.001, kernel=rbf ....................................
[CV] C=5, gamma=0.001, kernel=rbf ....................................
[CV] C=5, gamma=0.001, kernel=rbf ....................................
[CV] .... C=0.1, kernel=linear, score=0.859822902596428, total=  36.7s
[CV] C=5, gamma=0.01, kernel=rbf .....................................
[CV] .... C=0.1, kernel=linear, score=0.855707214639268, total=  37.0s
[CV] C=5, gamma=0.01, kernel=rbf .....................................
[CV] ... C=0.1, kernel=linear, score=0.8734632683658171, total=  37.8s
[Parallel(n_jobs=30)]: Done   3 out of  36 | elapsed:   47.0s remaining:  8.6min
[CV] C=5, gamma=0.01, kernel=rbf .....................................
[CV] ..... C=1, kernel=linear, score=0.8590724898694282, total=  48.0s
[CV] C=5, gamma=0.05, kernel=rbf .....................................
[CV] ..... C=1, kernel=linear, score=0.8555572221388931, total=  48.6s
[CV] C=5, gamma=0.05, kernel=rbf .....................................
[CV] ...... C=1, kernel=linear, score=0.868815592203898, total=  55.6s
[CV] C=5, gamma=0.05, kernel=rbf .....................................
[CV]  C=1, gamma=0.01, kernel=rbf, score=0.8889055472263868, total= 1.1min
[CV]  C=1, gamma=0.01, kernel=rbf, score=0.8738563071846408, total= 1.1min
[CV]  C=1, gamma=0.01, kernel=rbf, score=0.8817349542248236, total= 1.1min
[CV]  C=5, gamma=0.001, kernel=rbf, score=0.8604232327780279, total= 1.2min
[CV]  C=5, gamma=0.001, kernel=rbf, score=0.856157192140393, total= 1.2min
[CV]  C=5, gamma=0.001, kernel=rbf, score=0.8712143928035982, total= 1.2min
[CV]  C=5, gamma=0.01, kernel=rbf, score=0.8851057447127644, total=  49.9s
[CV]  C=1, gamma=0.05, kernel=rbf, score=0.9019490254872564, total= 1.6min
[CV]  C=5, gamma=0.01, kernel=rbf, score=0.8889389164040222, total=  51.6s
[CV]  C=5, gamma=0.01, kernel=rbf, score=0.8983508245877061, total=  53.8s
[Parallel(n_jobs=30)]: Done  16 out of  36 | elapsed:  1.8min remaining:  2.3min
[CV]  C=1, gamma=0.05, kernel=rbf, score=0.8867556622168892, total= 1.7min
[CV]  C=1, gamma=0.05, kernel=rbf, score=0.8914903196758217, total= 1.7min
[CV]  C=1, gamma=0.001, kernel=rbf, score=0.8571214392803598, total= 1.7min
[CV] ...... C=5, kernel=linear, score=0.856157192140393, total= 1.9min
[CV]  C=1, gamma=0.001, kernel=rbf, score=0.8449077546122694, total= 1.8min
[CV] ..... C=5, kernel=linear, score=0.8577217469608285, total= 2.0min
[CV]  C=1, gamma=0.001, kernel=rbf, score=0.8490169593276302, total= 1.8min
[CV]  C=0.1, gamma=0.01, kernel=rbf, score=0.8578718295062284, total= 1.9min
[CV]  C=0.1, gamma=0.01, kernel=rbf, score=0.8632683658170914, total= 1.9min
[CV] ..... C=5, kernel=linear, score=0.8683658170914542, total= 2.1min
[CV]  C=0.1, gamma=0.01, kernel=rbf, score=0.8519574021298935, total= 2.0min
[CV]  C=5, gamma=0.05, kernel=rbf, score=0.8956521739130435, total= 1.3min
[CV]  C=5, gamma=0.05, kernel=rbf, score=0.8869056547172641, total= 1.3min
[Parallel(n_jobs=30)]: Done  29 out of  36 | elapsed:  2.3min remaining:   33.7s
[CV]  C=0.1, gamma=0.05, kernel=rbf, score=0.8730301665916254, total= 2.2min
[CV]  C=0.1, gamma=0.05, kernel=rbf, score=0.884407796101949, total= 2.2min
[CV]  C=0.1, gamma=0.05, kernel=rbf, score=0.863506824658767, total= 2.2min
[CV]  C=5, gamma=0.05, kernel=rbf, score=0.889839411676422, total= 1.2min
[CV]  C=0.1, gamma=0.001, kernel=rbf, score=0.8008099595020249, total= 2.7min
[CV]  C=0.1, gamma=0.001, kernel=rbf, score=0.8142428785607196, total= 2.8min
[CV]  C=0.1, gamma=0.001, kernel=rbf, score=0.8071439291610386, total= 2.8min
[Parallel(n_jobs=30)]: Done  36 out of  36 | elapsed:  2.9min finished

Best parameters set:
{'C': 1, 'gamma': 0.05, 'kernel': 'rbf'}

Confusion matrix:
[[ 937    3    3    2    2    0    4    5    3   21]
 [   5 1094    5    0   14    0    8    4    4    1]
 [   6    2  954   42   11    1    0    9    6    1]
 [   3    0   45  910    3   13    0    4   19   13]
 [  16    2   12    5  887    1   28    4    5   22]
 [   2    0    0   37    4  811   10    0   19    9]
 [  22    4    3    4   15   12  881    0   11    6]
 [   3    6   44    6    9    2    0  927    5   26]
 [   8    0    7   26    8   13   24    6  865   17]
 [  33    7    6   31   13    8   11   26   19  855]]

Classification report:
              precision    recall  f1-score   support

           0       0.91      0.96      0.93       980
           1       0.98      0.96      0.97      1135
           2       0.88      0.92      0.90      1032
           3       0.86      0.90      0.88      1010
           4       0.92      0.90      0.91       982
           5       0.94      0.91      0.93       892
           6       0.91      0.92      0.92       958
           7       0.94      0.90      0.92      1028
           8       0.90      0.89      0.90       974
           9       0.88      0.85      0.86      1009

   micro avg       0.91      0.91      0.91     10000
   macro avg       0.91      0.91      0.91     10000
weighted avg       0.91      0.91      0.91     10000

