Fitting 3 folds for each of 12 candidates, totalling 36 fits
[Parallel(n_jobs=30)]: Using backend ThreadingBackend with 30 concurrent workers.
[CV] C=0.1, kernel=linear ............................................
[CV] C=0.1, kernel=linear ............................................
[CV] C=0.1, kernel=linear ............................................
[CV] C=1, kernel=linear ..............................................
[CV] C=1, kernel=linear ..............................................
[CV] C=1, kernel=linear ..............................................
[CV] C=5, kernel=linear ..............................................
[CV] C=5, kernel=linear ..............................................
[CV] C=5, kernel=linear ..............................................
[CV] C=0.1, gamma=0.001, kernel=rbf ..................................
[CV] C=0.1, gamma=0.001, kernel=rbf ..................................
[CV] C=0.1, gamma=0.001, kernel=rbf ..................................
[CV] C=0.1, gamma=0.01, kernel=rbf ...................................
[CV] C=0.1, gamma=0.01, kernel=rbf ...................................
[CV] C=0.1, gamma=0.01, kernel=rbf ...................................
[CV] C=0.1, gamma=0.05, kernel=rbf ...................................
[CV] C=0.1, gamma=0.05, kernel=rbf ...................................
[CV] C=0.1, gamma=0.05, kernel=rbf ...................................
[CV] C=1, gamma=0.001, kernel=rbf ....................................
[CV] C=1, gamma=0.001, kernel=rbf ....................................
[CV] C=1, gamma=0.001, kernel=rbf ....................................
[CV] C=1, gamma=0.01, kernel=rbf .....................................
[CV] C=1, gamma=0.01, kernel=rbf .....................................
[CV] C=1, gamma=0.01, kernel=rbf .....................................
[CV] C=1, gamma=0.05, kernel=rbf .....................................
[CV] C=1, gamma=0.05, kernel=rbf .....................................
[CV] C=1, gamma=0.05, kernel=rbf .....................................
[CV] C=5, gamma=0.001, kernel=rbf ....................................
[CV] C=5, gamma=0.001, kernel=rbf ....................................
[CV] C=5, gamma=0.001, kernel=rbf ....................................
[CV] C=5, kernel=linear, score=0.9091045447727614, total= 7.8min
[CV] C=5, gamma=0.01, kernel=rbf .....................................
[CV] C=0.1, kernel=linear, score=0.89989494221822, total= 7.7min
[CV] C=5, gamma=0.01, kernel=rbf .....................................
[CV] C=1, kernel=linear, score=0.9091045447727614, total= 7.8min
[Parallel(n_jobs=30)]: Done   3 out of  36 | elapsed: 10.2min remaining: 112.4min
[CV] C=5, gamma=0.01, kernel=rbf .....................................
[CV] C=0.1, kernel=linear, score=0.9091045447727614, total= 7.8min
[CV] C=5, gamma=0.05, kernel=rbf .....................................
[CV] C=5, kernel=linear, score=0.89989494221822, total= 7.9min
[CV] C=5, gamma=0.05, kernel=rbf .....................................
[CV] C=1, kernel=linear, score=0.89989494221822, total= 8.0min
[CV] C=5, gamma=0.05, kernel=rbf .....................................
[CV] C=5, kernel=linear, score=0.9194902548725638, total= 8.4min
[CV] C=0.1, kernel=linear, score=0.9194902548725638, total= 8.4min
[CV] C=1, kernel=linear, score=0.9194902548725638, total= 8.5min
[CV] C=0.1, gamma=0.001, kernel=rbf, score=0.11399430028498575, total=108.7min
[CV] C=0.1, gamma=0.001, kernel=rbf, score=0.11406273450397719, total=109.1min
[CV] C=0.1, gamma=0.05, kernel=rbf, score=0.11409295352323838, total=109.1min
[CV] C=0.1, gamma=0.01, kernel=rbf, score=0.11409295352323838, total=109.3min
[CV] C=0.1, gamma=0.01, kernel=rbf, score=0.11399430028498575, total=109.4min
[CV] C=0.1, gamma=0.05, kernel=rbf, score=0.11406273450397719, total=109.5min
[CV] C=0.1, gamma=0.01, kernel=rbf, score=0.11406273450397719, total=109.7min
[Parallel(n_jobs=30)]: Done  16 out of  36 | elapsed: 119.4min remaining: 149.3min
[CV] C=0.1, gamma=0.001, kernel=rbf, score=0.11409295352323838, total=109.6min
[CV] C=1, gamma=0.01, kernel=rbf, score=0.11409295352323838, total=109.8min
[CV] C=5, gamma=0.001, kernel=rbf, score=0.11409295352323838, total=110.0min
[CV] C=1, gamma=0.001, kernel=rbf, score=0.11406273450397719, total=109.9min
[CV] C=0.1, gamma=0.05, kernel=rbf, score=0.11399430028498575, total=110.1min
[CV] C=1, gamma=0.05, kernel=rbf, score=0.11399430028498575, total=110.1min
[CV] C=1, gamma=0.001, kernel=rbf, score=0.11409295352323838, total=110.4min
[CV] C=1, gamma=0.001, kernel=rbf, score=0.11399430028498575, total=110.1min
[CV] C=1, gamma=0.01, kernel=rbf, score=0.11406273450397719, total=110.4min
[CV] C=1, gamma=0.01, kernel=rbf, score=0.11399430028498575, total=110.7min
[CV] C=1, gamma=0.05, kernel=rbf, score=0.11406273450397719, total=110.5min
[CV] C=5, gamma=0.001, kernel=rbf, score=0.11406273450397719, total=110.5min
[CV] C=5, gamma=0.001, kernel=rbf, score=0.11399430028498575, total=110.5min
[Parallel(n_jobs=30)]: Done  29 out of  36 | elapsed: 120.0min remaining: 29.0min
[CV] C=1, gamma=0.05, kernel=rbf, score=0.11409295352323838, total=111.2min
[CV] C=5, gamma=0.05, kernel=rbf, score=0.11399430028498575, total=109.5min
[CV] C=5, gamma=0.01, kernel=rbf, score=0.11406273450397719, total=109.3min
[CV] C=5, gamma=0.05, kernel=rbf, score=0.11406273450397719, total=109.6min
[CV] C=5, gamma=0.01, kernel=rbf, score=0.11409295352323838, total=109.8min
[CV] C=5, gamma=0.05, kernel=rbf, score=0.11409295352323838, total=109.9min
[CV] C=5, gamma=0.01, kernel=rbf, score=0.11399430028498575, total=109.9min
[Parallel(n_jobs=30)]: Done  36 out of  36 | elapsed: 122.9min finished

Best parameters set:
{'C': 0.1, 'kernel': 'linear'}

Confusion matrix:
[[ 953    0    4    2    0   12    6    1    1    1]
 [   0 1123    3    2    0    2    1    0    4    0]
 [  10    9  938   23    6    2   11    8   22    3]
 [   6    4   26  905    3   34    0    9   18    5]
 [   0    0    9    3  927    1    8    7    2   25]
 [  13    5    8   55    7  763   12    1   25    3]
 [   8    3   13    1    7   14  910    1    1    0]
 [   2   10   23   13   12    0    0  940    0   28]
 [   9   10   23   50   10   40    8    6  810    8]
 [  11    8    1   15   44    4    1   43    8  874]]

Classification report:
              precision    recall  f1-score   support

           0       0.94      0.97      0.96       980
           1       0.96      0.99      0.97      1135
           2       0.90      0.91      0.90      1032
           3       0.85      0.90      0.87      1010
           4       0.91      0.94      0.93       982
           5       0.88      0.86      0.87       892
           6       0.95      0.95      0.95       958
           7       0.93      0.91      0.92      1028
           8       0.91      0.83      0.87       974
           9       0.92      0.87      0.89      1009

   micro avg       0.91      0.91      0.91     10000
   macro avg       0.91      0.91      0.91     10000
weighted avg       0.91      0.91      0.91     10000
